<?xml version="1.0" encoding="UTF-8"?>
<testsuite xmlns:xsi="http://www.w3.org/2001/XMLSchema-instance" xsi:noNamespaceSchemaLocation="https://maven.apache.org/surefire/maven-surefire-plugin/xsd/surefire-test-report-3.0.xsd" version="3.0" name="bolsa.BolsaTest" time="0.139" tests="9" errors="0" skipped="0" failures="0">
  <properties>
[...]
</properties>
  <testcase name="deveRemoverObserverCorretamente" classname="bolsa.BolsaTest" time="0.062">
    <system-out><![CDATA[[NEGOCIAÇÃO] Joaquim comprou ação 'ITUB4' de Mariana por R$21,00
]]></system-out>
  </testcase>
  <testcase name="deveAtualizarValorDaAcaoAposMatch" classname="bolsa.BolsaTest" time="0.004">
    <system-out><![CDATA[[NEGOCIAÇÃO] Joaquim comprou ação 'BBAS3' de Mariana por R$26,00
]]></system-out>
  </testcase>
  <testcase name="naoDeveRealizarMatchComValoresDiferentes" classname="bolsa.BolsaTest" time="0.004"/>
  <testcase name="deveLancarExcecaoQuandoAcaoNaoEncontrada" classname="bolsa.BolsaTest" time="0.006"/>
  <testcase name="deveExecutarOrdemProgramadaQuandoPrecoAtingirAlvo" classname="bolsa.BolsaTest" time="0.0">
    <system-out><![CDATA[[NEGOCIAÇÃO] Joaquim comprou ação 'VALE3' de Mariana por R$45,00
[ORDEM PROGRAMADA] Preço atingiu R$45,00. Registrando ordem de COMPRA de Carlos em 'VALE3' por R$45,00
[NEGOCIAÇÃO] Carlos comprou ação 'VALE3' de Mariana por R$45,00
]]></system-out>
  </testcase>
  <testcase name="deveBuscarAcaoPorNome" classname="bolsa.BolsaTest" time="0.0"/>
  <testcase name="deveRealizarMatchEntreOrdemDeCompraEVenda" classname="bolsa.BolsaTest" time="0.002">
    <system-out><![CDATA[[NEGOCIAÇÃO] Joaquim comprou ação 'BBAS3' de Mariana por R$24,00
]]></system-out>
  </testcase>
  <testcase name="deveAdicionarOrdemNaListaCorreta" classname="bolsa.BolsaTest" time="0.0"/>
  <testcase name="deveNotificarInvestidorAposNegociacao" classname="bolsa.BolsaTest" time="0.008">
    <system-out><![CDATA[[NEGOCIAÇÃO] Joaquim comprou ação 'PETR4' de Mariana por R$32,00
]]></system-out>
  </testcase>
</testsuite>